============================= test session starts ==============================
platform linux -- Python 3.10.12, pytest-7.4.3, pluggy-1.3.0
rootdir: /home/deandresugandhi/projects/T1A3/DeandreSugandhi_T1A3/src
plugins: mock-3.12.0
collected 11 items

test_game_engine.py ...                                                  [ 27%]
test_hubs.py ....                                                        [ 63%]
test_utilities.py ....                                                   [100%]

============================== 11 passed in 0.16s ==============================
